Performing C SOURCE FILE Test CMAKE_HAVE_LIBC_PTHREAD failed with the following output:
Change Dir: /home/qimao/catkin_ws/src/navigation/client_and_server/build/CMakeFiles/CMakeTmp

Run Build Command(s):/usr/bin/make cmTC_cc59d/fast && /usr/bin/make -f CMakeFiles/cmTC_cc59d.dir/build.make CMakeFiles/cmTC_cc59d.dir/build
make[1]: 进入目录“/home/qimao/catkin_ws/src/navigation/client_and_server/build/CMakeFiles/CMakeTmp”
Building C object CMakeFiles/cmTC_cc59d.dir/src.c.o
/usr/bin/cc   -DCMAKE_HAVE_LIBC_PTHREAD   -o CMakeFiles/cmTC_cc59d.dir/src.c.o   -c /home/qimao/catkin_ws/src/navigation/client_and_server/build/CMakeFiles/CMakeTmp/src.c
Linking C executable cmTC_cc59d
/usr/bin/cmake -E cmake_link_script CMakeFiles/cmTC_cc59d.dir/link.txt --verbose=1
/usr/bin/cc  -DCMAKE_HAVE_LIBC_PTHREAD    -rdynamic CMakeFiles/cmTC_cc59d.dir/src.c.o  -o cmTC_cc59d 
/usr/bin/ld: CMakeFiles/cmTC_cc59d.dir/src.c.o: in function `main':
src.c:(.text+0x46): undefined reference to `pthread_create'
/usr/bin/ld: src.c:(.text+0x52): undefined reference to `pthread_detach'
/usr/bin/ld: src.c:(.text+0x63): undefined reference to `pthread_join'
collect2: error: ld returned 1 exit status
make[1]: *** [CMakeFiles/cmTC_cc59d.dir/build.make:87：cmTC_cc59d] 错误 1
make[1]: 离开目录“/home/qimao/catkin_ws/src/navigation/client_and_server/build/CMakeFiles/CMakeTmp”
make: *** [Makefile:121：cmTC_cc59d/fast] 错误 2


Source file was:
#include <pthread.h>

void* test_func(void* data)
{
  return data;
}

int main(void)
{
  pthread_t thread;
  pthread_create(&thread, NULL, test_func, NULL);
  pthread_detach(thread);
  pthread_join(thread, NULL);
  pthread_atfork(NULL, NULL, NULL);
  pthread_exit(NULL);

  return 0;
}

Determining if the function pthread_create exists in the pthreads failed with the following output:
Change Dir: /home/qimao/catkin_ws/src/navigation/client_and_server/build/CMakeFiles/CMakeTmp

Run Build Command(s):/usr/bin/make cmTC_c3114/fast && /usr/bin/make -f CMakeFiles/cmTC_c3114.dir/build.make CMakeFiles/cmTC_c3114.dir/build
make[1]: 进入目录“/home/qimao/catkin_ws/src/navigation/client_and_server/build/CMakeFiles/CMakeTmp”
Building C object CMakeFiles/cmTC_c3114.dir/CheckFunctionExists.c.o
/usr/bin/cc   -DCHECK_FUNCTION_EXISTS=pthread_create   -o CMakeFiles/cmTC_c3114.dir/CheckFunctionExists.c.o   -c /usr/share/cmake-3.16/Modules/CheckFunctionExists.c
Linking C executable cmTC_c3114
/usr/bin/cmake -E cmake_link_script CMakeFiles/cmTC_c3114.dir/link.txt --verbose=1
/usr/bin/cc  -DCHECK_FUNCTION_EXISTS=pthread_create    -rdynamic CMakeFiles/cmTC_c3114.dir/CheckFunctionExists.c.o  -o cmTC_c3114  -lpthreads 
/usr/bin/ld: 找不到 -lpthreads
collect2: error: ld returned 1 exit status
make[1]: *** [CMakeFiles/cmTC_c3114.dir/build.make:87：cmTC_c3114] 错误 1
make[1]: 离开目录“/home/qimao/catkin_ws/src/navigation/client_and_server/build/CMakeFiles/CMakeTmp”
make: *** [Makefile:121：cmTC_c3114/fast] 错误 2



